{
  "uid" : "52f6c9fddbb34f71",
  "name" : "To check the functionality of View Page",
  "fullName" : "Wowdare User Side End to End Functionality: To check the functionality of View Page",
  "historyId" : "f5c244475c2a6c76cf4172d99f08c42b",
  "time" : {
    "start" : 1634803422557,
    "stop" : 1634803448480,
    "duration" : 25923
  },
  "status" : "failed",
  "statusMessage" : "AssertionError: Invalid Share Page\n",
  "statusTrace" : "  File \"C:\\Python39\\lib\\site-packages\\behave\\model.py\", line 1329, in run\n    match.run(runner.context)\n  File \"C:\\Python39\\lib\\site-packages\\behave\\matchers.py\", line 98, in run\n    self.func(context, *args, **kwargs)\n  File \"Feature\\steps\\StepDefination.py\", line 373, in step_impl\n    assert context.driver2.current_url == \"https://wowdare.xyz/en/share\", \"Invalid Share Page\"\n",
  "flaky" : false,
  "newFailed" : false,
  "beforeStages" : [ ],
  "testStage" : {
    "status" : "failed",
    "statusMessage" : "AssertionError: Invalid Share Page\n",
    "statusTrace" : "  File \"C:\\Python39\\lib\\site-packages\\behave\\model.py\", line 1329, in run\n    match.run(runner.context)\n  File \"C:\\Python39\\lib\\site-packages\\behave\\matchers.py\", line 98, in run\n    self.func(context, *args, **kwargs)\n  File \"Feature\\steps\\StepDefination.py\", line 373, in step_impl\n    assert context.driver2.current_url == \"https://wowdare.xyz/en/share\", \"Invalid Share Page\"\n",
    "steps" : [ {
      "name" : "When User Click On Back_Button And Should Be Navigate To Share Page",
      "time" : {
        "start" : 1634803422558,
        "stop" : 1634803426671,
        "duration" : 4113
      },
      "status" : "passed",
      "steps" : [ ],
      "attachments" : [ ],
      "parameters" : [ ],
      "stepsCount" : 0,
      "hasContent" : false,
      "shouldDisplayMessage" : false,
      "attachmentsCount" : 0
    }, {
      "name" : "And Again User Click On View_Button And Navigate To View Page",
      "time" : {
        "start" : 1634803426672,
        "stop" : 1634803437782,
        "duration" : 11110
      },
      "status" : "passed",
      "steps" : [ ],
      "attachments" : [ ],
      "parameters" : [ ],
      "stepsCount" : 0,
      "hasContent" : false,
      "shouldDisplayMessage" : false,
      "attachmentsCount" : 0
    }, {
      "name" : "And Click On View_page Delete Button",
      "time" : {
        "start" : 1634803437782,
        "stop" : 1634803439874,
        "duration" : 2092
      },
      "status" : "passed",
      "steps" : [ ],
      "attachments" : [ ],
      "parameters" : [ ],
      "stepsCount" : 0,
      "hasContent" : false,
      "shouldDisplayMessage" : false,
      "attachmentsCount" : 0
    }, {
      "name" : "Then A Delete Pop_Up Should Be Open With Yes Or No Button Click On No Button",
      "time" : {
        "start" : 1634803439874,
        "stop" : 1634803441916,
        "duration" : 2042
      },
      "status" : "passed",
      "steps" : [ ],
      "attachments" : [ ],
      "parameters" : [ ],
      "stepsCount" : 0,
      "hasContent" : false,
      "shouldDisplayMessage" : false,
      "attachmentsCount" : 0
    }, {
      "name" : "Then Click On Yes Button",
      "time" : {
        "start" : 1634803441916,
        "stop" : 1634803448457,
        "duration" : 6541
      },
      "status" : "passed",
      "steps" : [ ],
      "attachments" : [ ],
      "parameters" : [ ],
      "stepsCount" : 0,
      "hasContent" : false,
      "shouldDisplayMessage" : false,
      "attachmentsCount" : 0
    }, {
      "name" : "Then Particular User Friend Entire Data Should Be Deleted And User Should Be Navigate To Share_page",
      "time" : {
        "start" : 1634803448457,
        "stop" : 1634803448479,
        "duration" : 22
      },
      "status" : "failed",
      "statusMessage" : "AssertionError: Invalid Share Page\n",
      "statusTrace" : "  File \"C:\\Python39\\lib\\site-packages\\behave\\model.py\", line 1329, in run\n    match.run(runner.context)\n  File \"C:\\Python39\\lib\\site-packages\\behave\\matchers.py\", line 98, in run\n    self.func(context, *args, **kwargs)\n  File \"Feature\\steps\\StepDefination.py\", line 373, in step_impl\n    assert context.driver2.current_url == \"https://wowdare.xyz/en/share\", \"Invalid Share Page\"\n",
      "steps" : [ ],
      "attachments" : [ ],
      "parameters" : [ ],
      "stepsCount" : 0,
      "hasContent" : true,
      "shouldDisplayMessage" : true,
      "attachmentsCount" : 0
    } ],
    "attachments" : [ ],
    "parameters" : [ ],
    "stepsCount" : 6,
    "hasContent" : true,
    "shouldDisplayMessage" : false,
    "attachmentsCount" : 0
  },
  "afterStages" : [ ],
  "labels" : [ {
    "name" : "severity",
    "value" : "normal"
  }, {
    "name" : "tag",
    "value" : "View_page"
  }, {
    "name" : "feature",
    "value" : "Wowdare User Side End to End Functionality"
  }, {
    "name" : "framework",
    "value" : "behave"
  }, {
    "name" : "language",
    "value" : "cpython3"
  }, {
    "name" : "resultFormat",
    "value" : "allure2"
  } ],
  "parameters" : [ ],
  "links" : [ ],
  "hidden" : false,
  "retry" : false,
  "extra" : {
    "severity" : "normal",
    "retries" : [ ],
    "categories" : [ {
      "name" : "Product defects",
      "matchedStatuses" : [ ],
      "flaky" : false
    } ],
    "tags" : [ "View_page" ]
  },
  "source" : "52f6c9fddbb34f71.json",
  "parameterValues" : [ ]
}